This is pdfTeX, Version 3.1415926-2.4-1.40.13 (TeX Live 2012) (format=pdflatex 2012.6.30)  23 OCT 2012 19:43
entering extended mode
 restricted \write18 enabled.
 %&-line parsing enabled.
**mono.tex
(./mono.tex
LaTeX2e <2011/06/27>
Babel <v3.8m> and hyphenation patterns for english, dumylang, nohyphenation, ge
rman-x-2012-05-30, ngerman-x-2012-05-30, afrikaans, ancientgreek, ibycus, arabi
c, armenian, basque, bulgarian, catalan, pinyin, coptic, croatian, czech, danis
h, dutch, ukenglish, usenglishmax, esperanto, estonian, ethiopic, farsi, finnis
h, french, friulan, galician, german, ngerman, swissgerman, monogreek, greek, h
ungarian, icelandic, assamese, bengali, gujarati, hindi, kannada, malayalam, ma
rathi, oriya, panjabi, tamil, telugu, indonesian, interlingua, irish, italian, 
kurmanji, latin, latvian, lithuanian, mongolian, mongolianlmc, bokmal, nynorsk,
 polish, portuguese, romanian, romansh, russian, sanskrit, serbian, serbianc, s
lovak, slovenian, spanish, swedish, turkish, turkmen, ukrainian, uppersorbian, 
welsh, loaded.
(/usr/local/texlive/2012/texmf/tex/latex/abntex/abnt.cls
(/usr/local/texlive/2012/texmf/tex/latex/abntex/cvs-id.def)
Document Class: abnt 2004/11/02 v1.27.2.1 Classe abnt (NBR6024, NBR6027, NBR602
8, NBR14724)
(/usr/local/texlive/2012/texmf-dist/tex/latex/base/ifthen.sty
Package: ifthen 2001/05/26 v1.1c Standard LaTeX ifthen package (DPC)
)
(/usr/local/texlive/2012/texmf-dist/tex/latex/tools/calc.sty
Package: calc 2007/08/22 v4.3 Infix arithmetic (KKT,FJ)
\calc@Acount=\count79
\calc@Bcount=\count80
\calc@Adimen=\dimen102
\calc@Bdimen=\dimen103
\calc@Askip=\skip41
\calc@Bskip=\skip42
LaTeX Info: Redefining \setlength on input line 76.
LaTeX Info: Redefining \addtolength on input line 77.
\calc@Ccount=\count81
\calc@Cskip=\skip43
)
(/usr/local/texlive/2012/texmf-dist/tex/latex/tools/multicol.sty
Package: multicol 2011/06/27 v1.7a multicolumn formatting (FMi)
\c@tracingmulticols=\count82
\mult@box=\box26
\multicol@leftmargin=\dimen104
\c@unbalance=\count83
\c@collectmore=\count84
\doublecol@number=\count85
\multicoltolerance=\count86
\multicolpretolerance=\count87
\full@width=\dimen105
\page@free=\dimen106
\premulticols=\dimen107
\postmulticols=\dimen108
\multicolsep=\skip44
\multicolbaselineskip=\skip45
\partial@page=\box27
\last@line=\box28
\mult@rightbox=\box29
\mult@grightbox=\box30
\mult@gfirstbox=\box31
\mult@firstbox=\box32
\@tempa=\box33
\@tempa=\box34
\@tempa=\box35
\@tempa=\box36
\@tempa=\box37
\@tempa=\box38
\@tempa=\box39
\@tempa=\box40
\@tempa=\box41
\@tempa=\box42
\@tempa=\box43
\@tempa=\box44
\@tempa=\box45
\@tempa=\box46
\@tempa=\box47
\@tempa=\box48
\@tempa=\box49
\c@columnbadness=\count88
\c@finalcolumnbadness=\count89
\last@try=\dimen109
\multicolovershoot=\dimen110
\multicolundershoot=\dimen111
\mult@nat@firstbox=\box50
\colbreak@box=\box51
\multicol@sort@counter=\count90
)
(/usr/local/texlive/2012/texmf-dist/tex/latex/base/report.cls
Document Class: report 2007/10/19 v1.4h Standard LaTeX document class
(/usr/local/texlive/2012/texmf-dist/tex/latex/base/size12.clo
File: size12.clo 2007/10/19 v1.4h Standard LaTeX file (size option)
)
\c@part=\count91
\c@chapter=\count92
\c@section=\count93
\c@subsection=\count94
\c@subsubsection=\count95
\c@paragraph=\count96
\c@subparagraph=\count97
\c@figure=\count98
\c@table=\count99
\abovecaptionskip=\skip46
\belowcaptionskip=\skip47
\bibindent=\dimen112
)
(/usr/local/texlive/2012/texmf-dist/tex/latex/setspace/setspace.sty
Package: setspace 2011/12/19 v6.7a set line spacing
)
\ABNTanapindent=\skip48
\ABNTsignwidth=\skip49
\ABNTsignthickness=\skip50
\ABNTsignskip=\skip51

(/usr/local/texlive/2012/texmf-dist/tex/latex/tools/indentfirst.sty
Package: indentfirst 1995/11/23 v1.03 Indent first paragraph (DPC)
))
(/usr/local/texlive/2012/texmf-dist/tex/generic/babel/babel.sty
Package: babel 2008/07/08 v3.8m The Babel package

(/usr/local/texlive/2012/texmf-dist/tex/generic/babel/portuges.ldf
Language: portuges 2008/03/18 v1.2q Portuguese support from the babel system

(/usr/local/texlive/2012/texmf-dist/tex/generic/babel/babel.def
File: babel.def 2008/07/08 v3.8m Babel common definitions
\babel@savecnt=\count100
\U@D=\dimen113
)
\l@brazil = a dialect from \language\l@portuges 
Package babel Info: Making " an active character on input line 145.
))
(/usr/local/texlive/2012/texmf-dist/tex/latex/base/inputenc.sty
Package: inputenc 2008/03/30 v1.1d Input encoding file
\inpenc@prehook=\toks14
\inpenc@posthook=\toks15

(/usr/local/texlive/2012/texmf-dist/tex/latex/base/utf8.def
File: utf8.def 2008/04/05 v1.1m UTF-8 support for inputenc
Now handling font encoding OML ...
... no UTF-8 mapping file for font encoding OML
Now handling font encoding T1 ...
... processing UTF-8 mapping file for font encoding T1

(/usr/local/texlive/2012/texmf-dist/tex/latex/base/t1enc.dfu
File: t1enc.dfu 2008/04/05 v1.1m UTF-8 support for inputenc
   defining Unicode char U+00A1 (decimal 161)
   defining Unicode char U+00A3 (decimal 163)
   defining Unicode char U+00AB (decimal 171)
   defining Unicode char U+00BB (decimal 187)
   defining Unicode char U+00BF (decimal 191)
   defining Unicode char U+00C0 (decimal 192)
   defining Unicode char U+00C1 (decimal 193)
   defining Unicode char U+00C2 (decimal 194)
   defining Unicode char U+00C3 (decimal 195)
   defining Unicode char U+00C4 (decimal 196)
   defining Unicode char U+00C5 (decimal 197)
   defining Unicode char U+00C6 (decimal 198)
   defining Unicode char U+00C7 (decimal 199)
   defining Unicode char U+00C8 (decimal 200)
   defining Unicode char U+00C9 (decimal 201)
   defining Unicode char U+00CA (decimal 202)
   defining Unicode char U+00CB (decimal 203)
   defining Unicode char U+00CC (decimal 204)
   defining Unicode char U+00CD (decimal 205)
   defining Unicode char U+00CE (decimal 206)
   defining Unicode char U+00CF (decimal 207)
   defining Unicode char U+00D0 (decimal 208)
   defining Unicode char U+00D1 (decimal 209)
   defining Unicode char U+00D2 (decimal 210)
   defining Unicode char U+00D3 (decimal 211)
   defining Unicode char U+00D4 (decimal 212)
   defining Unicode char U+00D5 (decimal 213)
   defining Unicode char U+00D6 (decimal 214)
   defining Unicode char U+00D8 (decimal 216)
   defining Unicode char U+00D9 (decimal 217)
   defining Unicode char U+00DA (decimal 218)
   defining Unicode char U+00DB (decimal 219)
   defining Unicode char U+00DC (decimal 220)
   defining Unicode char U+00DD (decimal 221)
   defining Unicode char U+00DE (decimal 222)
   defining Unicode char U+00DF (decimal 223)
   defining Unicode char U+00E0 (decimal 224)
   defining Unicode char U+00E1 (decimal 225)
   defining Unicode char U+00E2 (decimal 226)
   defining Unicode char U+00E3 (decimal 227)
   defining Unicode char U+00E4 (decimal 228)
   defining Unicode char U+00E5 (decimal 229)
   defining Unicode char U+00E6 (decimal 230)
   defining Unicode char U+00E7 (decimal 231)
   defining Unicode char U+00E8 (decimal 232)
   defining Unicode char U+00E9 (decimal 233)
   defining Unicode char U+00EA (decimal 234)
   defining Unicode char U+00EB (decimal 235)
   defining Unicode char U+00EC (decimal 236)
   defining Unicode char U+00ED (decimal 237)
   defining Unicode char U+00EE (decimal 238)
   defining Unicode char U+00EF (decimal 239)
   defining Unicode char U+00F0 (decimal 240)
   defining Unicode char U+00F1 (decimal 241)
   defining Unicode char U+00F2 (decimal 242)
   defining Unicode char U+00F3 (decimal 243)
   defining Unicode char U+00F4 (decimal 244)
   defining Unicode char U+00F5 (decimal 245)
   defining Unicode char U+00F6 (decimal 246)
   defining Unicode char U+00F8 (decimal 248)
   defining Unicode char U+00F9 (decimal 249)
   defining Unicode char U+00FA (decimal 250)
   defining Unicode char U+00FB (decimal 251)
   defining Unicode char U+00FC (decimal 252)
   defining Unicode char U+00FD (decimal 253)
   defining Unicode char U+00FE (decimal 254)
   defining Unicode char U+00FF (decimal 255)
   defining Unicode char U+0102 (decimal 258)
   defining Unicode char U+0103 (decimal 259)
   defining Unicode char U+0104 (decimal 260)
   defining Unicode char U+0105 (decimal 261)
   defining Unicode char U+0106 (decimal 262)
   defining Unicode char U+0107 (decimal 263)
   defining Unicode char U+010C (decimal 268)
   defining Unicode char U+010D (decimal 269)
   defining Unicode char U+010E (decimal 270)
   defining Unicode char U+010F (decimal 271)
   defining Unicode char U+0110 (decimal 272)
   defining Unicode char U+0111 (decimal 273)
   defining Unicode char U+0118 (decimal 280)
   defining Unicode char U+0119 (decimal 281)
   defining Unicode char U+011A (decimal 282)
   defining Unicode char U+011B (decimal 283)
   defining Unicode char U+011E (decimal 286)
   defining Unicode char U+011F (decimal 287)
   defining Unicode char U+0130 (decimal 304)
   defining Unicode char U+0131 (decimal 305)
   defining Unicode char U+0132 (decimal 306)
   defining Unicode char U+0133 (decimal 307)
   defining Unicode char U+0139 (decimal 313)
   defining Unicode char U+013A (decimal 314)
   defining Unicode char U+013D (decimal 317)
   defining Unicode char U+013E (decimal 318)
   defining Unicode char U+0141 (decimal 321)
   defining Unicode char U+0142 (decimal 322)
   defining Unicode char U+0143 (decimal 323)
   defining Unicode char U+0144 (decimal 324)
   defining Unicode char U+0147 (decimal 327)
   defining Unicode char U+0148 (decimal 328)
   defining Unicode char U+014A (decimal 330)
   defining Unicode char U+014B (decimal 331)
   defining Unicode char U+0150 (decimal 336)
   defining Unicode char U+0151 (decimal 337)
   defining Unicode char U+0152 (decimal 338)
   defining Unicode char U+0153 (decimal 339)
   defining Unicode char U+0154 (decimal 340)
   defining Unicode char U+0155 (decimal 341)
   defining Unicode char U+0158 (decimal 344)
   defining Unicode char U+0159 (decimal 345)
   defining Unicode char U+015A (decimal 346)
   defining Unicode char U+015B (decimal 347)
   defining Unicode char U+015E (decimal 350)
   defining Unicode char U+015F (decimal 351)
   defining Unicode char U+0160 (decimal 352)
   defining Unicode char U+0161 (decimal 353)
   defining Unicode char U+0162 (decimal 354)
   defining Unicode char U+0163 (decimal 355)
   defining Unicode char U+0164 (decimal 356)
   defining Unicode char U+0165 (decimal 357)
   defining Unicode char U+016E (decimal 366)
   defining Unicode char U+016F (decimal 367)
   defining Unicode char U+0170 (decimal 368)
   defining Unicode char U+0171 (decimal 369)
   defining Unicode char U+0178 (decimal 376)
   defining Unicode char U+0179 (decimal 377)
   defining Unicode char U+017A (decimal 378)
   defining Unicode char U+017B (decimal 379)
   defining Unicode char U+017C (decimal 380)
   defining Unicode char U+017D (decimal 381)
   defining Unicode char U+017E (decimal 382)
   defining Unicode char U+200C (decimal 8204)
   defining Unicode char U+2013 (decimal 8211)
   defining Unicode char U+2014 (decimal 8212)
   defining Unicode char U+2018 (decimal 8216)
   defining Unicode char U+2019 (decimal 8217)
   defining Unicode char U+201A (decimal 8218)
   defining Unicode char U+201C (decimal 8220)
   defining Unicode char U+201D (decimal 8221)
   defining Unicode char U+201E (decimal 8222)
   defining Unicode char U+2030 (decimal 8240)
   defining Unicode char U+2031 (decimal 8241)
   defining Unicode char U+2039 (decimal 8249)
   defining Unicode char U+203A (decimal 8250)
   defining Unicode char U+2423 (decimal 9251)
)
Now handling font encoding OT1 ...
... processing UTF-8 mapping file for font encoding OT1

(/usr/local/texlive/2012/texmf-dist/tex/latex/base/ot1enc.dfu
File: ot1enc.dfu 2008/04/05 v1.1m UTF-8 support for inputenc
   defining Unicode char U+00A1 (decimal 161)
   defining Unicode char U+00A3 (decimal 163)
   defining Unicode char U+00B8 (decimal 184)
   defining Unicode char U+00BF (decimal 191)
   defining Unicode char U+00C5 (decimal 197)
   defining Unicode char U+00C6 (decimal 198)
   defining Unicode char U+00D8 (decimal 216)
   defining Unicode char U+00DF (decimal 223)
   defining Unicode char U+00E6 (decimal 230)
   defining Unicode char U+00EC (decimal 236)
   defining Unicode char U+00ED (decimal 237)
   defining Unicode char U+00EE (decimal 238)
   defining Unicode char U+00EF (decimal 239)
   defining Unicode char U+00F8 (decimal 248)
   defining Unicode char U+0131 (decimal 305)
   defining Unicode char U+0141 (decimal 321)
   defining Unicode char U+0142 (decimal 322)
   defining Unicode char U+0152 (decimal 338)
   defining Unicode char U+0153 (decimal 339)
   defining Unicode char U+2013 (decimal 8211)
   defining Unicode char U+2014 (decimal 8212)
   defining Unicode char U+2018 (decimal 8216)
   defining Unicode char U+2019 (decimal 8217)
   defining Unicode char U+201C (decimal 8220)
   defining Unicode char U+201D (decimal 8221)
)
Now handling font encoding OMS ...
... processing UTF-8 mapping file for font encoding OMS

(/usr/local/texlive/2012/texmf-dist/tex/latex/base/omsenc.dfu
File: omsenc.dfu 2008/04/05 v1.1m UTF-8 support for inputenc
   defining Unicode char U+00A7 (decimal 167)
   defining Unicode char U+00B6 (decimal 182)
   defining Unicode char U+00B7 (decimal 183)
   defining Unicode char U+2020 (decimal 8224)
   defining Unicode char U+2021 (decimal 8225)
   defining Unicode char U+2022 (decimal 8226)
)
Now handling font encoding OMX ...
... no UTF-8 mapping file for font encoding OMX
Now handling font encoding U ...
... no UTF-8 mapping file for font encoding U
   defining Unicode char U+00A9 (decimal 169)
   defining Unicode char U+00AA (decimal 170)
   defining Unicode char U+00AE (decimal 174)
   defining Unicode char U+00BA (decimal 186)
   defining Unicode char U+02C6 (decimal 710)
   defining Unicode char U+02DC (decimal 732)
   defining Unicode char U+200C (decimal 8204)
   defining Unicode char U+2026 (decimal 8230)
   defining Unicode char U+2122 (decimal 8482)
   defining Unicode char U+2423 (decimal 9251)
))
(/usr/local/texlive/2012/texmf/tex/latex/abntex/abnt-alf.sty
Package: abnt-alf 2002/06/24

(/usr/local/texlive/2012/texmf/tex/latex/abntex/abntcite.sty
(/usr/local/texlive/2012/texmf/tex/latex/abntex/cvs-id.def)
Package: abntcite 2003/10/13 v1.26 Chamadas de referencias no texto (NBR10520)

(/usr/local/texlive/2012/texmf/tex/latex/abntex/abntex-abrev.sty
(/usr/local/texlive/2012/texmf/tex/latex/abntex/cvs-id.def)
Package: abntex-abrev 2003/10/13 v1.3 Abreviacoes

(/usr/local/texlive/2012/texmf/tex/latex/abntex/nbr10522-1988.def
(/usr/local/texlive/2012/texmf/tex/latex/abntex/cvs-id.def)
File: nbr10522-1988.def 2003/10/13 v1.2 Abreviacoes bibliograficas (NBR10522:19
88)
)
(/usr/local/texlive/2012/texmf/tex/latex/abntex/abntex-abrev-pt_BR.def
(/usr/local/texlive/2012/texmf/tex/latex/abntex/cvs-id.def)
File: abntex-abrev-pt_BR.def 2003/10/13 v1.2 definicao de abntex-abrev, traduca
o de termos en_US/pt_BR
))
(/usr/local/texlive/2012/texmf/tex/latex/abntex/nbr10520-2002.def
(/usr/local/texlive/2012/texmf/tex/latex/abntex/cvs-id.def)
File: nbr10520-2002.def 2003/10/13 v1.2 Definicoes para abntcite (NBR10520:2002
)
)
\minimumbiblabelwidth=\skip52
\ABCIauxlen=\skip53
\c@ABCIaux=\count101
\c@ABCImax=\count102

(/usr/local/texlive/2012/texmf-dist/tex/latex/relsize/relsize.sty
Package: relsize 2011/09/21 ver 4.0

Examine \normalsize starts \@setfontsize size may be \@xiipt. 
Examine \small starts \@setfontsize size may be \@xipt. 
Examine \footnotesize starts \@setfontsize size may be \@xpt. 
Examine \large starts \@setfontsize size may be \@xivpt. 
Examine \Large starts \@setfontsize size may be \@xviipt. 
Examine \LARGE starts \@setfontsize size may be \@xxpt. 
Examine \scriptsize starts \@setfontsize size may be \@viiipt. 
Examine \tiny starts \@setfontsize size may be \@vipt. 
Examine \huge starts \@setfontsize size may be \@xxvpt. 
Examine \Huge starts \@setfontsize size may be \@xxvpt. )
\biblabelsep=\skip54
LaTeX Info: Redefining \newblock on input line 562.
LaTeX Info: Redefining \cite on input line 589.
\ABCItoken=\toks16
))
(/usr/local/texlive/2012/texmf-dist/tex/latex/graphics/graphicx.sty
Package: graphicx 1999/02/16 v1.0f Enhanced LaTeX Graphics (DPC,SPQR)

(/usr/local/texlive/2012/texmf-dist/tex/latex/graphics/keyval.sty
Package: keyval 1999/03/16 v1.13 key=value parser (DPC)
\KV@toks@=\toks17
)
(/usr/local/texlive/2012/texmf-dist/tex/latex/graphics/graphics.sty
Package: graphics 2009/02/05 v1.0o Standard LaTeX Graphics (DPC,SPQR)

(/usr/local/texlive/2012/texmf-dist/tex/latex/graphics/trig.sty
Package: trig 1999/03/16 v1.09 sin cos tan (DPC)
)
(/usr/local/texlive/2012/texmf-dist/tex/latex/latexconfig/graphics.cfg
File: graphics.cfg 2010/04/23 v1.9 graphics configuration of TeX Live
)
Package graphics Info: Driver file: pdftex.def on input line 91.

(/usr/local/texlive/2012/texmf-dist/tex/latex/pdftex-def/pdftex.def
File: pdftex.def 2011/05/27 v0.06d Graphics/color for pdfTeX

(/usr/local/texlive/2012/texmf-dist/tex/generic/oberdiek/infwarerr.sty
Package: infwarerr 2010/04/08 v1.3 Providing info/warning/error messages (HO)
)
(/usr/local/texlive/2012/texmf-dist/tex/generic/oberdiek/ltxcmds.sty
Package: ltxcmds 2011/11/09 v1.22 LaTeX kernel commands for general use (HO)
)
\Gread@gobject=\count103
))
\Gin@req@height=\dimen114
\Gin@req@width=\dimen115
)
(./uece.sty (/usr/local/texlive/2012/texmf-dist/tex/latex/lastpage/lastpage.sty
Package: lastpage 2011/09/01 v1.2k Refers to last page's name (HMM; JPG)
)) (/usr/local/texlive/2012/texmf-dist/tex/latex/tools/enumerate.sty
Package: enumerate 1999/03/05 v3.00 enumerate extensions (DPC)
\@enLab=\toks18
)
(/usr/local/texlive/2012/texmf-dist/tex/latex/url/url.sty
\Urlmuskip=\muskip10
Package: url 2006/04/12  ver 3.3  Verb mode for urls, etc.
)
(/usr/local/texlive/2012/texmf-dist/tex/latex/booktabs/booktabs.sty
Package: booktabs 2005/04/14 v1.61803 publication quality tables
\heavyrulewidth=\dimen116
\lightrulewidth=\dimen117
\cmidrulewidth=\dimen118
\belowrulesep=\dimen119
\belowbottomsep=\dimen120
\aboverulesep=\dimen121
\abovetopsep=\dimen122
\cmidrulesep=\dimen123
\cmidrulekern=\dimen124
\defaultaddspace=\dimen125
\@cmidla=\count104
\@cmidlb=\count105
\@aboverulesep=\dimen126
\@belowrulesep=\dimen127
\@thisruleclass=\count106
\@lastruleclass=\count107
\@thisrulewidth=\dimen128
)
(./monomanager.sty)
(/usr/local/texlive/2012/texmf-dist/tex/latex/tools/longtable.sty
Package: longtable 2004/02/01 v4.11 Multi-page Table package (DPC)
\LTleft=\skip55
\LTright=\skip56
\LTpre=\skip57
\LTpost=\skip58
\LTchunksize=\count108
\LTcapwidth=\dimen129
\LT@head=\box52
\LT@firsthead=\box53
\LT@foot=\box54
\LT@lastfoot=\box55
\LT@cols=\count109
\LT@rows=\count110
\c@LT@tables=\count111
\c@LT@chunks=\count112
\LT@p@ftn=\toks19
) (./mono.aux
(./ch1.aux) (./ch2.aux) (./ch3.aux) (./ch4.aux) (./ch5.aux) (./cha.aux))
\openout1 = `mono.aux'.

LaTeX Font Info:    Checking defaults for OML/cmm/m/it on input line 73.
LaTeX Font Info:    ... okay on input line 73.
LaTeX Font Info:    Checking defaults for T1/cmr/m/n on input line 73.
LaTeX Font Info:    ... okay on input line 73.
LaTeX Font Info:    Checking defaults for OT1/cmr/m/n on input line 73.
LaTeX Font Info:    ... okay on input line 73.
LaTeX Font Info:    Checking defaults for OMS/cmsy/m/n on input line 73.
LaTeX Font Info:    ... okay on input line 73.
LaTeX Font Info:    Checking defaults for OMX/cmex/m/n on input line 73.
LaTeX Font Info:    ... okay on input line 73.
LaTeX Font Info:    Checking defaults for U/cmr/m/n on input line 73.
LaTeX Font Info:    ... okay on input line 73.

(/usr/local/texlive/2012/texmf-dist/tex/context/base/supp-pdf.mkii
[Loading MPS to PDF converter (version 2006.09.02).]
\scratchcounter=\count113
\scratchdimen=\dimen130
\scratchbox=\box56
\nofMPsegments=\count114
\nofMParguments=\count115
\everyMPshowfont=\toks20
\MPscratchCnt=\count116
\MPscratchDim=\dimen131
\MPnumerator=\count117
\makeMPintoPDFobject=\count118
\everyMPtoPDFconversion=\toks21
) (/usr/local/texlive/2012/texmf-dist/tex/generic/oberdiek/pdftexcmds.sty
Package: pdftexcmds 2011/11/29 v0.20 Utility functions of pdfTeX for LuaTeX (HO
)

(/usr/local/texlive/2012/texmf-dist/tex/generic/oberdiek/ifluatex.sty
Package: ifluatex 2010/03/01 v1.3 Provides the ifluatex switch (HO)
Package ifluatex Info: LuaTeX not detected.
)
(/usr/local/texlive/2012/texmf-dist/tex/generic/oberdiek/ifpdf.sty
Package: ifpdf 2011/01/30 v2.3 Provides the ifpdf switch (HO)
Package ifpdf Info: pdfTeX in PDF mode is detected.
)
Package pdftexcmds Info: LuaTeX not detected.
Package pdftexcmds Info: \pdf@primitive is available.
Package pdftexcmds Info: \pdf@ifprimitive is available.
Package pdftexcmds Info: \pdfdraftmode found.
)
(/usr/local/texlive/2012/texmf-dist/tex/latex/oberdiek/epstopdf-base.sty
Package: epstopdf-base 2010/02/09 v2.5 Base part for package epstopdf

(/usr/local/texlive/2012/texmf-dist/tex/latex/oberdiek/grfext.sty
Package: grfext 2010/08/19 v1.1 Manage graphics extensions (HO)

(/usr/local/texlive/2012/texmf-dist/tex/generic/oberdiek/kvdefinekeys.sty
Package: kvdefinekeys 2011/04/07 v1.3 Define keys (HO)
))
(/usr/local/texlive/2012/texmf-dist/tex/latex/oberdiek/kvoptions.sty
Package: kvoptions 2011/06/30 v3.11 Key value format for package options (HO)

(/usr/local/texlive/2012/texmf-dist/tex/generic/oberdiek/kvsetkeys.sty
Package: kvsetkeys 2012/04/25 v1.16 Key value parser (HO)

(/usr/local/texlive/2012/texmf-dist/tex/generic/oberdiek/etexcmds.sty
Package: etexcmds 2011/02/16 v1.5 Avoid name clashes with e-TeX commands (HO)
Package etexcmds Info: Could not find \expanded.
(etexcmds)             That can mean that you are not using pdfTeX 1.50 or
(etexcmds)             that some package has redefined \expanded.
(etexcmds)             In the latter case, load this package earlier.
)))
Package grfext Info: Graphics extension search list:
(grfext)             [.png,.pdf,.jpg,.mps,.jpeg,.jbig2,.jb2,.PNG,.PDF,.JPG,.JPE
G,.JBIG2,.JB2,.eps]
(grfext)             \AppendGraphicsExtensions on input line 452.

(/usr/local/texlive/2012/texmf-dist/tex/latex/latexconfig/epstopdf-sys.cfg
File: epstopdf-sys.cfg 2010/07/13 v1.3 Configuration of (r)epstopdf for TeX Liv
e
))
Package lastpage Info: Please have a look at the pageslts package at
(lastpage)             http://www.ctan.org/tex-archive/ 
(lastpage)             macros/latex/contrib/pageslts/ 
(lastpage)             or
(lastpage)             http://www.ctan.org/tex-archive/ 
(lastpage)             install/macros/latex/contrib/pageslts.tds.zip
(lastpage)             ! on input line 73.

<fig/uece.pdf, id=1, 153.21964pt x 223.32072pt>
File: fig/uece.pdf Graphic file (type pdf)
 <use fig/uece.pdf>
Package pdftex.def Info: fig/uece.pdf used on input line 75.
(pdftex.def)             Requested size: 71.13188pt x 103.67609pt.
LaTeX Font Info:    External font `cmex10' loaded for size
(Font)              <17.28> on input line 75.
LaTeX Font Info:    External font `cmex10' loaded for size
(Font)              <12> on input line 75.
LaTeX Font Info:    External font `cmex10' loaded for size
(Font)              <8> on input line 75.
LaTeX Font Info:    External font `cmex10' loaded for size
(Font)              <6> on input line 75.
 [1

{/usr/local/texlive/2012/texmf-var/fonts/map/pdftex/updmap/pdftex.map} <./fig/u
ece.pdf>]
Underfull \hbox (badness 1655) in paragraph at lines 76--76
[]\OT1/cmr/m/n/12 Monografia sub-me-tida ^^Ra co-or-dena^^Xc~ao do
 []

[1]
Underfull \vbox (badness 2119) detected at line 77
 []

[2] <fig/ata_defesa.jpg, id=18, 1596.96625pt x 2041.6275pt>
File: fig/ata_defesa.jpg Graphic file (type jpg)

<use fig/ata_defesa.jpg>
Package pdftex.def Info: fig/ata_defesa.jpg used on input line 83.
(pdftex.def)             Requested size: 455.24411pt x 581.9945pt.
 [3 <./fig/ata_defesa.jpg>] [4


] [5] [6


] [7


] (./mono.lof [8

] [9])
\tf@lof=\write3
\openout3 = `mono.lof'.

 [10] (./mono.lsg)
\tf@lsg=\write4
\openout4 = `mono.lsg'.

 [11

] (./mono.toc [12

])
\tf@toc=\write5
\openout5 = `mono.toc'.

 [13]
\openout2 = `ch1.aux'.

 (./ch1.tex
Cap\'{\i }tulo 1.
[14



]
LaTeX Font Info:    Try loading font information for OMS+cmr on input line 48.
 (/usr/local/texlive/2012/texmf-dist/tex/latex/base/omscmr.fd
File: omscmr.fd 1999/05/25 v2.5h Standard LaTeX font definitions
)
LaTeX Font Info:    Font shape `OMS/cmr/m/n' in size <12> not available
(Font)              Font shape `OMS/cmsy/m/n' tried instead on input line 48.
 [15]
Overfull \hbox (0.63489pt too wide) in paragraph at lines 83--91
[]\OT1/cmr/m/n/12 Al^^Sem deste cap^^S^^Ptulo in-tro-dut^^Sorio, o pre-sente tr
a-ba-lho con-siste em mais 4 cap^^S^^Ptulos.
 []

) [16]
\openout2 = `ch2.aux'.

 (./ch2.tex
Cap\'{\i }tulo 2.
[17



] [18] <fig/fluxograma_tcc.png, id=74, 1125.1447pt x 1147.81764pt>
File: fig/fluxograma_tcc.png Graphic file (type png)

<use fig/fluxograma_tcc.png>
Package pdftex.def Info: fig/fluxograma_tcc.png used on input line 122.
(pdftex.def)             Requested size: 455.24411pt x 464.40823pt.
) [19] [20 <./fig/fluxograma_tcc.png>]
\openout2 = `ch3.aux'.

 (./ch3.tex
Cap\'{\i }tulo 3.

Overfull \hbox (0.49759pt too wide) in paragraph at lines 33--38
[]\OT1/cmr/m/n/12 O PHP ^^Se uma lin-gua-gem de pro-grama^^Xc~ao in-ter-pre-tad
a, mul-ti-pa-ra-digma, de c^^Sodigo
 []

[21



] [22] <fig/diagrama_mvc.png, id=87, 517.22647pt x 245.15118pt>
File: fig/diagrama_mvc.png Graphic file (type png)

<use fig/diagrama_mvc.png>
Package pdftex.def Info: fig/diagrama_mvc.png used on input line 84.
(pdftex.def)             Requested size: 227.62206pt x 107.88554pt.
 [23 <./fig/diagrama_mvc.png>]
<fig/coc_hibernate.png, id=91, 394.47375pt x 106.3975pt>
File: fig/coc_hibernate.png Graphic file (type png)

<use fig/coc_hibernate.png>
Package pdftex.def Info: fig/coc_hibernate.png used on input line 128.
(pdftex.def)             Requested size: 295.85458pt x 79.79791pt.

Overfull \hbox (68.23253pt too wide) in paragraph at lines 128--129
[][] 
 []

<fig/coc_tabela.png, id=92, 160.6pt x 65.24374pt>
File: fig/coc_tabela.png Graphic file (type png)
 <use fig/coc_tabela.png>
Package pdftex.def Info: fig/coc_tabela.png used on input line 132.
(pdftex.def)             Requested size: 120.44969pt x 48.93268pt.

[24 <./fig/coc_hibernate.png> <./fig/coc_tabela.png>]
\c@itemcounter=\count119
 [25] [26]
<fig/tabela_yaml.png, id=103, 219.82124pt x 236.885pt>
File: fig/tabela_yaml.png Graphic file (type png)

<use fig/tabela_yaml.png>
Package pdftex.def Info: fig/tabela_yaml.png used on input line 258.
(pdftex.def)             Requested size: 113.81102pt x 122.64233pt.
 [27]
<fig/uml_classes_base.png, id=107, 549.55313pt x 587.19376pt>
File: fig/uml_classes_base.png Graphic file (type png)

<use fig/uml_classes_base.png>
Package pdftex.def Info: fig/uml_classes_base.png used on input line 287.
(pdftex.def)             Requested size: 455.24411pt x 486.43887pt.

<fig/uml_classes_principais.png, id=108, 469.755pt x 202.50656pt>
File: fig/uml_classes_principais.png Graphic file (type png)

<use fig/uml_classes_principais.png>
Package pdftex.def Info: fig/uml_classes_principais.png used on input line 294.

(pdftex.def)             Requested size: 318.66948pt x 137.37508pt.
 [28 <./fig/tabela_yaml.png>] [29 <./fig/uml_classes_base.png> <./fig/uml_class
es_principais.png>]
<fig/uml_controllers.png, id=115, 421.575pt x 232.61906pt>
File: fig/uml_controllers.png Graphic file (type png)

<use fig/uml_controllers.png>
Package pdftex.def Info: fig/uml_controllers.png used on input line 323.
(pdftex.def)             Requested size: 318.66948pt x 175.84105pt.
 [30 <./fig/uml_controllers.png>]
<fig/uml_forms.png, id=120, 369.63094pt x 124.96687pt>
File: fig/uml_forms.png Graphic file (type png)
 <use fig/uml_forms.png>
Package pdftex.def Info: fig/uml_forms.png used on input line 368.
(pdftex.def)             Requested size: 227.62206pt x 76.95618pt.
) [31 <./fig/uml_forms.png>]
\openout2 = `ch4.aux'.

 (./ch4.tex
Cap\'{\i }tulo 4.
\c@itemcounter1=\count120
<fig/telas/login.png, id=124, 1284.8pt x 803.0pt>
File: fig/telas/login.png Graphic file (type png)
 <use fig/telas/login.png>
Package pdftex.def Info: fig/telas/login.png used on input line 35.
(pdftex.def)             Requested size: 455.24411pt x 284.52174pt.

[32



]
<fig/telas/administrador/crud_professor_insercao.png, id=128, 1284.8pt x 803.0p
t>
File: fig/telas/administrador/crud_professor_insercao.png Graphic file (type pn
g)
 <use fig/telas/administrador/crud_professor_insercao.png>
Package pdftex.def Info: fig/telas/administrador/crud_professor_insercao.png us
ed on input line 70.
(pdftex.def)             Requested size: 455.24411pt x 284.52174pt.

<fig/telas/administrador/crud_professor_listagem_pos_insercao.png, id=129, 1284
.8pt x 803.0pt>
File: fig/telas/administrador/crud_professor_listagem_pos_insercao.png Graphic 
file (type png)

<use fig/telas/administrador/crud_professor_listagem_pos_insercao.png>
Package pdftex.def Info: fig/telas/administrador/crud_professor_listagem_pos_in
sercao.png used on input line 77.
(pdftex.def)             Requested size: 455.24411pt x 284.52174pt.

<fig/telas/administrador/crud_professor_remocao.png, id=130, 1284.8pt x 803.0pt
>
File: fig/telas/administrador/crud_professor_remocao.png Graphic file (type png
)
 <use fig/telas/administrador/crud_professor_remocao.png>
Package pdftex.def Info: fig/telas/administrador/crud_professor_remocao.png use
d on input line 84.
(pdftex.def)             Requested size: 455.24411pt x 284.52174pt.
 [33 <./fig/telas/login.png>] [34 <./fig/telas/administrador/crud_professor_ins
ercao.png> <./fig/telas/administrador/crud_professor_listagem_pos_insercao.png>
]
<fig/telas/administrador/crud_estudante.png, id=137, 1284.8pt x 803.0pt>
File: fig/telas/administrador/crud_estudante.png Graphic file (type png)

<use fig/telas/administrador/crud_estudante.png>
Package pdftex.def Info: fig/telas/administrador/crud_estudante.png used on inp
ut line 108.
(pdftex.def)             Requested size: 455.24411pt x 284.52174pt.

<fig/telas/administrador/crud_semestre_calculo_datas.png, id=138, 1284.8pt x 80
3.0pt>
File: fig/telas/administrador/crud_semestre_calculo_datas.png Graphic file (typ
e png)
 <use fig/telas/administrador/crud_semestre_calculo_datas.png>
Package pdftex.def Info: fig/telas/administrador/crud_semestre_calculo_datas.pn
g used on input line 122.
(pdftex.def)             Requested size: 455.24411pt x 284.52174pt.

<fig/telas/administrador/propostas.png, id=139, 1284.8pt x 803.0pt>
File: fig/telas/administrador/propostas.png Graphic file (type png)

<use fig/telas/administrador/propostas.png>
Package pdftex.def Info: fig/telas/administrador/propostas.png used on input li
ne 129.
(pdftex.def)             Requested size: 455.24411pt x 284.52174pt.

<fig/telas/administrador/defesas.png, id=140, 1284.8pt x 803.0pt>
File: fig/telas/administrador/defesas.png Graphic file (type png)

<use fig/telas/administrador/defesas.png>
Package pdftex.def Info: fig/telas/administrador/defesas.png used on input line
 137.
(pdftex.def)             Requested size: 455.24411pt x 284.52174pt.

<fig/telas/administrador/relatorios.png, id=141, 1284.8pt x 803.0pt>
File: fig/telas/administrador/relatorios.png Graphic file (type png)

<use fig/telas/administrador/relatorios.png>
Package pdftex.def Info: fig/telas/administrador/relatorios.png used on input l
ine 144.
(pdftex.def)             Requested size: 455.24411pt x 284.52174pt.
 [35 <./fig/telas/administrador/crud_professor_remocao.png>] [36 <./fig/telas/a
dministrador/crud_estudante.png> <./fig/telas/administrador/crud_semestre_calcu
lo_datas.png>] [37 <./fig/telas/administrador/propostas.png> <./fig/telas/admin
istrador/defesas.png>]
<fig/telas/processo/aluno_02_projeto_cadastrado.png, id=152, 1284.8pt x 803.0pt
>
File: fig/telas/processo/aluno_02_projeto_cadastrado.png Graphic file (type png
)
 <use fig/telas/processo/aluno_02_projeto_cadastrado.png>
Package pdftex.def Info: fig/telas/processo/aluno_02_projeto_cadastrado.png use
d on input line 186.
(pdftex.def)             Requested size: 455.24411pt x 284.52174pt.

<fig/telas/processo/aluno_03_anexo_proposta.png, id=153, 1284.8pt x 803.0pt>
File: fig/telas/processo/aluno_03_anexo_proposta.png Graphic file (type png)

<use fig/telas/processo/aluno_03_anexo_proposta.png>
Package pdftex.def Info: fig/telas/processo/aluno_03_anexo_proposta.png used on
 input line 193.
(pdftex.def)             Requested size: 455.24411pt x 284.52174pt.

<fig/telas/processo/aluno_04_proposta_anexada.png, id=154, 1284.8pt x 803.0pt>
File: fig/telas/processo/aluno_04_proposta_anexada.png Graphic file (type png)

<use fig/telas/processo/aluno_04_proposta_anexada.png>
Package pdftex.def Info: fig/telas/processo/aluno_04_proposta_anexada.png used 
on input line 200.
(pdftex.def)             Requested size: 455.24411pt x 284.52174pt.

<fig/telas/processo/aluno_05_proposta_aprovada_orientador.png, id=155, 1284.8pt
 x 803.0pt>
File: fig/telas/processo/aluno_05_proposta_aprovada_orientador.png Graphic file
 (type png)
 <use fig/telas/processo/aluno_05_proposta_aprovada_orientador.png>
Package pdftex.def Info: fig/telas/processo/aluno_05_proposta_aprovada_orientad
or.png used on input line 207.
(pdftex.def)             Requested size: 455.24411pt x 284.52174pt.

<fig/telas/processo/aluno_06_proposta_aprovada_comissao.png, id=156, 1284.8pt x
 803.0pt>
File: fig/telas/processo/aluno_06_proposta_aprovada_comissao.png Graphic file (
type png)
 <use fig/telas/processo/aluno_06_proposta_aprovada_comissao.png>
Package pdftex.def Info: fig/telas/processo/aluno_06_proposta_aprovada_comissao
.png used on input line 214.
(pdftex.def)             Requested size: 455.24411pt x 284.52174pt.

<fig/telas/processo/aluno_07_submetendo_defesa.png, id=157, 1284.8pt x 803.0pt>
File: fig/telas/processo/aluno_07_submetendo_defesa.png Graphic file (type png)

<use fig/telas/processo/aluno_07_submetendo_defesa.png>
Package pdftex.def Info: fig/telas/processo/aluno_07_submetendo_defesa.png used
 on input line 221.
(pdftex.def)             Requested size: 455.24411pt x 284.52174pt.

<fig/telas/processo/aluno_08_defesa_nao_analisada.png, id=158, 1284.8pt x 803.0
pt>
File: fig/telas/processo/aluno_08_defesa_nao_analisada.png Graphic file (type p
ng)
 <use fig/telas/processo/aluno_08_defesa_nao_analisada.png>
Package pdftex.def Info: fig/telas/processo/aluno_08_defesa_nao_analisada.png u
sed on input line 228.
(pdftex.def)             Requested size: 455.24411pt x 284.52174pt.

<fig/telas/processo/aluno_09_defesa_analisada_professor.png, id=159, 1284.8pt x
 803.0pt>
File: fig/telas/processo/aluno_09_defesa_analisada_professor.png Graphic file (
type png)
 <use fig/telas/processo/aluno_09_defesa_analisada_professor.png>
Package pdftex.def Info: fig/telas/processo/aluno_09_defesa_analisada_professor
.png used on input line 235.
(pdftex.def)             Requested size: 455.24411pt x 284.52174pt.

<fig/telas/processo/aluno_10_defesa_analisada_comissao.png, id=160, 1284.8pt x 
803.0pt>
File: fig/telas/processo/aluno_10_defesa_analisada_comissao.png Graphic file (t
ype png)
 <use fig/telas/processo/aluno_10_defesa_analisada_comissao.png>
Package pdftex.def Info: fig/telas/processo/aluno_10_defesa_analisada_comissao.
png used on input line 242.
(pdftex.def)             Requested size: 455.24411pt x 284.52174pt.

<fig/telas/processo/aluno_11_projeto_defendido.png, id=161, 1284.8pt x 803.0pt>
File: fig/telas/processo/aluno_11_projeto_defendido.png Graphic file (type png)

<use fig/telas/processo/aluno_11_projeto_defendido.png>
Package pdftex.def Info: fig/telas/processo/aluno_11_projeto_defendido.png used
 on input line 249.
(pdftex.def)             Requested size: 455.24411pt x 284.52174pt.
 [38 <./fig/telas/administrador/relatorios.png>] [39 <./fig/telas/processo/alun
o_02_projeto_cadastrado.png> <./fig/telas/processo/aluno_03_anexo_proposta.png>
] [40 <./fig/telas/processo/aluno_04_proposta_anexada.png> <./fig/telas/process
o/aluno_05_proposta_aprovada_orientador.png>] [41 <./fig/telas/processo/aluno_0
6_proposta_aprovada_comissao.png> <./fig/telas/processo/aluno_07_submetendo_def
esa.png>] [42 <./fig/telas/processo/aluno_08_defesa_nao_analisada.png> <./fig/t
elas/processo/aluno_09_defesa_analisada_professor.png>] [43 <./fig/telas/proces
so/aluno_10_defesa_analisada_comissao.png> <./fig/telas/processo/aluno_11_proje
to_defendido.png>]
<fig/telas/processo/professor_01_aprovacao_proposta.png, id=181, 1284.8pt x 803
.0pt>
File: fig/telas/processo/professor_01_aprovacao_proposta.png Graphic file (type
 png)
 <use fig/telas/processo/professor_01_aprovacao_proposta.png>
Package pdftex.def Info: fig/telas/processo/professor_01_aprovacao_proposta.png
 used on input line 272.
(pdftex.def)             Requested size: 455.24411pt x 284.52174pt.

<fig/telas/processo/professor_02_prosta_sendo_aprovada.png, id=182, 1284.8pt x 
803.0pt>
File: fig/telas/processo/professor_02_prosta_sendo_aprovada.png Graphic file (t
ype png)
 <use fig/telas/processo/professor_02_prosta_sendo_aprovada.png>
Package pdftex.def Info: fig/telas/processo/professor_02_prosta_sendo_aprovada.
png used on input line 279.
(pdftex.def)             Requested size: 455.24411pt x 284.52174pt.

<fig/telas/processo/professor_03_proposta_aprovada.png, id=183, 1284.8pt x 803.
0pt>
File: fig/telas/processo/professor_03_proposta_aprovada.png Graphic file (type 
png)
 <use fig/telas/processo/professor_03_proposta_aprovada.png>
Package pdftex.def Info: fig/telas/processo/professor_03_proposta_aprovada.png 
used on input line 286.
(pdftex.def)             Requested size: 455.24411pt x 284.52174pt.

<fig/telas/processo/professor_04_avaliando_defesa.png, id=184, 1284.8pt x 803.0
pt>
File: fig/telas/processo/professor_04_avaliando_defesa.png Graphic file (type p
ng)
 <use fig/telas/processo/professor_04_avaliando_defesa.png>
Package pdftex.def Info: fig/telas/processo/professor_04_avaliando_defesa.png u
sed on input line 293.
(pdftex.def)             Requested size: 455.24411pt x 284.52174pt.
 [44 <./fig/telas/processo/professor_01_aprovacao_proposta.png>] [45 <./fig/tel
as/processo/professor_02_prosta_sendo_aprovada.png> <./fig/telas/processo/profe
ssor_03_proposta_aprovada.png>]
<fig/telas/processo/comissao_01_propostas.png, id=191, 1284.8pt x 803.0pt>
File: fig/telas/processo/comissao_01_propostas.png Graphic file (type png)

<use fig/telas/processo/comissao_01_propostas.png>
Package pdftex.def Info: fig/telas/processo/comissao_01_propostas.png used on i
nput line 328.
(pdftex.def)             Requested size: 455.24411pt x 284.52174pt.

<fig/telas/processo/comissao_02_proposta_sendo_avaliada.png, id=192, 1284.8pt x
 803.0pt>
File: fig/telas/processo/comissao_02_proposta_sendo_avaliada.png Graphic file (
type png)
 <use fig/telas/processo/comissao_02_proposta_sendo_avaliada.png>
Package pdftex.def Info: fig/telas/processo/comissao_02_proposta_sendo_avaliada
.png used on input line 335.
(pdftex.def)             Requested size: 455.24411pt x 284.52174pt.

<fig/telas/processo/comissao_04_comentarios.png, id=193, 1284.8pt x 803.0pt>
File: fig/telas/processo/comissao_04_comentarios.png Graphic file (type png)

<use fig/telas/processo/comissao_04_comentarios.png>
Package pdftex.def Info: fig/telas/processo/comissao_04_comentarios.png used on
 input line 349.
(pdftex.def)             Requested size: 455.24411pt x 284.52174pt.

<fig/telas/processo/comissao_05_aprovando_defesa.png, id=194, 1284.8pt x 803.0p
t>
File: fig/telas/processo/comissao_05_aprovando_defesa.png Graphic file (type pn
g)
 <use fig/telas/processo/comissao_05_aprovando_defesa.png>
Package pdftex.def Info: fig/telas/processo/comissao_05_aprovando_defesa.png us
ed on input line 356.
(pdftex.def)             Requested size: 455.24411pt x 284.52174pt.

<fig/telas/processo/comissao_06_marcando_projeto_como_defendido.png, id=195, 12
84.8pt x 803.0pt>
File: fig/telas/processo/comissao_06_marcando_projeto_como_defendido.png Graphi
c file (type png)

<use fig/telas/processo/comissao_06_marcando_projeto_como_defendido.png>
Package pdftex.def Info: fig/telas/processo/comissao_06_marcando_projeto_como_d
efendido.png used on input line 363.
(pdftex.def)             Requested size: 455.24411pt x 284.52174pt.
)
[46 <./fig/telas/processo/professor_04_avaliando_defesa.png>] [47 <./fig/telas/
processo/comissao_01_propostas.png> <./fig/telas/processo/comissao_02_proposta_
sendo_avaliada.png>] [48 <./fig/telas/processo/comissao_04_comentarios.png> <./
fig/telas/processo/comissao_05_aprovando_defesa.png>] [49 <./fig/telas/processo
/comissao_06_marcando_projeto_como_defendido.png>]
\openout2 = `ch5.aux'.

 (./ch5.tex
Cap\'{\i }tulo 5.
) [50



] (./mono.bbl [51


]) [52]
\openout2 = `cha.aux'.

 (./cha.tex
LaTeX Font Info:    External font `cmex10' loaded for size
(Font)              <14.4> on input line 4.
LaTeX Font Info:    External font `cmex10' loaded for size
(Font)              <7> on input line 4.
 [53

] (./uc_manter_professores.tex
Overfull \hbox (8.39629pt too wide) in alignment at lines 1--57
 [] [] 
 []


Underfull \vbox (badness 10000) detected at line 57
 []

[54

] [55]) [56] (./uc_manter_estudantes.tex
Overfull \hbox (8.39629pt too wide) in alignment at lines 1--53
 [] [] 
 []


Underfull \vbox (badness 10000) detected at line 53
 []

[57

]) [58] (./uc_manter_projetos.tex
Overfull \hbox (29.77245pt too wide) in alignment at lines 1--54
 [] [] 
 []


Underfull \vbox (badness 10000) detected at line 54
 []

[59

]) [60] (./uc_manter_propostas.tex
Underfull \hbox (badness 10000) in paragraph at lines 23--27

 []


Overfull \hbox (8.39629pt too wide) in alignment at lines 1--34
 [] [] 
 []


Underfull \vbox (badness 10000) detected at line 34
 []

[61

]) [62] (./uc_manter_defesas.tex
Underfull \hbox (badness 10000) in paragraph at lines 30--34

 []


Overfull \hbox (8.39629pt too wide) in alignment at lines 1--41
 [] [] 
 []


Underfull \vbox (badness 10000) detected at line 41
 []

[63

]) [64] [65]
<requisitos/Formulario_Proposta_Projeto_Final.pdf, id=263, 597.23125pt x 845.15
75pt>
File: requisitos/Formulario_Proposta_Projeto_Final.pdf Graphic file (type pdf)
 <use requisitos/Formulario_Proposta_Projeto_Final.pdf>
Package pdftex.def Info: requisitos/Formulario_Proposta_Projeto_Final.pdf used 
on input line 58.
(pdftex.def)             Requested size: 358.3415pt x 507.09842pt.
 [66


 <./requisitos/Formulario_Proposta_Projeto_Final.pdf>]
<requisitos/Formulario_Solicitacao_Defesa_e_Banca_v1.pdf, id=284, 597.23125pt x
 845.1575pt>
File: requisitos/Formulario_Solicitacao_Defesa_e_Banca_v1.pdf Graphic file (typ
e pdf)
 <use requisitos/Formulario_Solicitacao_Defesa_e_Banca_v1.pdf>
Package pdftex.def Info: requisitos/Formulario_Solicitacao_Defesa_e_Banca_v1.pd
f used on input line 66.
(pdftex.def)             Requested size: 358.3415pt x 507.09842pt.
)
[67

 <./requisitos/Formulario_Solicitacao_Defesa_e_Banca_v1.pdf>]
+-------------------------------------------------------------------+
| Comentario, sugestao ou critica sobre o abnTeX? Entre em contato: |
|                  http://abntex.codigolivre.org.br                 |
+-------------------------------------------------------------------+

AED: lastpage setting LastPage
(./mono.aux (./ch1.aux) (./ch2.aux) (./ch3.aux) (./ch4.aux) (./ch5.aux)
(./cha.aux)) ) 
Here is how much of TeX's memory you used:
 3729 strings out of 493488
 58763 string characters out of 3141326
 127733 words of memory out of 3000000
 6818 multiletter control sequences out of 15000+200000
 12132 words of font info for 42 fonts, out of 3000000 for 9000
 957 hyphenation exceptions out of 8191
 38i,8n,27p,286b,337s stack positions out of 5000i,500n,10000p,200000b,50000s
</usr/local/texlive/2012/texmf-dist/fonts/type1/public/amsfonts/c
m/cmbx12.pfb></usr/local/texlive/2012/texmf-dist/fonts/type1/public/amsfonts/cm
/cmbxti10.pfb></usr/local/texlive/2012/texmf-dist/fonts/type1/public/amsfonts/c
m/cmcsc10.pfb></usr/local/texlive/2012/texmf-dist/fonts/type1/public/amsfonts/c
m/cmmi12.pfb></usr/local/texlive/2012/texmf-dist/fonts/type1/public/amsfonts/cm
/cmr10.pfb></usr/local/texlive/2012/texmf-dist/fonts/type1/public/amsfonts/cm/c
mr12.pfb></usr/local/texlive/2012/texmf-dist/fonts/type1/public/amsfonts/cm/cmr
8.pfb></usr/local/texlive/2012/texmf-dist/fonts/type1/public/amsfonts/cm/cmsy10
.pfb></usr/local/texlive/2012/texmf-dist/fonts/type1/public/amsfonts/cm/cmti12.
pfb></usr/local/texlive/2012/texmf-dist/fonts/type1/public/amsfonts/cm/cmtt12.p
fb>
Output written on mono.pdf (68 pages, 2683431 bytes).
PDF statistics:
 340 PDF objects out of 1000 (max. 8388607)
 208 compressed objects within 3 object streams
 0 named destinations out of 1000 (max. 500000)
 206 words of extra memory for PDF output out of 10000 (max. 10000000)

